FoodDev/app/build/intermediates/manifest_merge_blame_file/debug/manifest-merger-blame-debug-report.txt
1<?xml version="1.0" encoding="utf-8"?>
2<manifest xmlns:android="http://schemas.android.com/apk/res/android"
3    package="com.kylukz.fooddev"
4    android:versionCode="1"
5    android:versionName="1.0" >
6
7    <uses-sdk
8        android:minSdkVersion="16"
8-->src\main\AndroidManifest.xml
9        android:targetSdkVersion="29" />
9-->src\main\AndroidManifest.xml
10    <!--
11         The ACCESS_COARSE/FINE_LOCATION permissions are not required to use
12         Google Maps Android API v2, but you must specify either coarse or fine
13         location permissions for the 'MyLocation' functionality.
14    -->
15    <uses-permission android:name="android.permission.ACCESS_FINE_LOCATION" />
15-->src\main\AndroidManifest.xml:10:5-79
15-->src\main\AndroidManifest.xml:10:22-76
16    <uses-permission android:name="android.permission.ACCESS_COARSE_LOCATION" />
16-->src\main\AndroidManifest.xml:11:5-81
16-->src\main\AndroidManifest.xml:11:22-78
17    <uses-permission android:name="android.permission.ACCESS_NETWORK_STATE" />
17-->src\main\AndroidManifest.xml:12:5-79
17-->src\main\AndroidManifest.xml:12:22-76
18    <uses-permission android:name="android.permission.INTERNET" />
18-->src\main\AndroidManifest.xml:13:5-67
18-->src\main\AndroidManifest.xml:13:22-64
19    <uses-permission android:name="android.permission.READ_PHONE_NUMBERS" />
19-->src\main\AndroidManifest.xml:14:5-77
19-->src\main\AndroidManifest.xml:14:22-74
20    <uses-permission android:name="android.permission.VIBRATE" />
20-->src\main\AndroidManifest.xml:15:5-66
20-->src\main\AndroidManifest.xml:15:22-63
21    <uses-permission android:name="android.permission.MANAGE_APP_TOKENS" />
21-->src\main\AndroidManifest.xml:17:5-19:47
21-->src\main\AndroidManifest.xml:18:9-60
22    <uses-permission android:name="android.permission.MANAGE_DOCUMENTS" />
22-->src\main\AndroidManifest.xml:20:5-22:47
22-->src\main\AndroidManifest.xml:21:9-59
23
24    <uses-feature
24-->[com.google.android.gms:play-services-maps:17.0.0] AndroidManifest.xml:26:5-28:35
25        android:glEsVersion="0x00020000"
25-->[com.google.android.gms:play-services-maps:17.0.0] AndroidManifest.xml:27:9-41
26        android:required="true" />
26-->[com.google.android.gms:play-services-maps:17.0.0] AndroidManifest.xml:28:9-32
27
28    <uses-permission android:name="com.android.vending.BILLING" />
28-->[com.android.billingclient:billing:3.0.0] AndroidManifest.xml:10:5-67
28-->[com.android.billingclient:billing:3.0.0] AndroidManifest.xml:10:22-64
29    <uses-permission android:name="android.permission.WAKE_LOCK" /> <!-- Required by older versions of Google Play services to create IID tokens -->
29-->[com.google.android.gms:play-services-measurement-api:17.4.3] AndroidManifest.xml:24:5-68
29-->[com.google.android.gms:play-services-measurement-api:17.4.3] AndroidManifest.xml:24:22-65
30    <uses-permission android:name="com.google.android.c2dm.permission.RECEIVE" />
30-->[com.google.firebase:firebase-iid:20.2.1] AndroidManifest.xml:26:5-82
30-->[com.google.firebase:firebase-iid:20.2.1] AndroidManifest.xml:26:22-79
31    <uses-permission android:name="com.google.android.finsky.permission.BIND_GET_INSTALL_REFERRER_SERVICE" />
31-->[com.google.android.gms:play-services-measurement:17.4.3] AndroidManifest.xml:26:5-110
31-->[com.google.android.gms:play-services-measurement:17.4.3] AndroidManifest.xml:26:22-107
32
33    <application
33-->src\main\AndroidManifest.xml:25:5-102:19
34        android:appComponentFactory="androidx.core.app.CoreComponentFactory"
34-->[androidx.core:core:1.1.0] AndroidManifest.xml:24:18-86
35        android:debuggable="true"
36        android:icon="@mipmap/ic_launcher"
36-->src\main\AndroidManifest.xml:26:9-43
37        android:installLocation="auto"
37-->src\main\AndroidManifest.xml:27:9-39
38        android:label="@string/app_name"
38-->src\main\AndroidManifest.xml:28:9-41
39        android:supportsRtl="true"
39-->src\main\AndroidManifest.xml:29:9-35
40        android:targetSandboxVersion="1"
40-->src\main\AndroidManifest.xml:30:9-41
41        android:testOnly="true"
42        android:theme="@style/AppTheme"
42-->src\main\AndroidManifest.xml:31:9-40
43        android:usesCleartextTraffic="true" >
43-->src\main\AndroidManifest.xml:32:9-44
44        <uses-library
44-->src\main\AndroidManifest.xml:34:9-36:40
45            android:name="org.apache.http.legacy"
45-->src\main\AndroidManifest.xml:35:13-50
46            android:required="false" />
46-->src\main\AndroidManifest.xml:36:13-37
47
48        <meta-data
48-->src\main\AndroidManifest.xml:38:9-40:58
49            android:name="com.google.firebase.messaging.default_notification_icon"
49-->src\main\AndroidManifest.xml:39:13-83
50            android:resource="@drawable/ic_entregador" />
50-->src\main\AndroidManifest.xml:40:13-55
51        <meta-data
51-->src\main\AndroidManifest.xml:41:9-43:58
52            android:name="com.google.firebase.messaging.default_notification_color"
52-->src\main\AndroidManifest.xml:42:13-84
53            android:resource="@color/colorPrimaryDark" />
53-->src\main\AndroidManifest.xml:43:13-55
54        <meta-data
54-->src\main\AndroidManifest.xml:44:9-46:71
55            android:name="com.google.firebase.messaging.default_notification_channel_id"
55-->src\main\AndroidManifest.xml:45:13-89
56            android:value="@string/default_notification_channel_id" />
56-->src\main\AndroidManifest.xml:46:13-68
57
58        <activity android:name="com.kylukz.fooddev.View.FechaContaCarrinhoActivity" />
58-->src\main\AndroidManifest.xml:50:9-52:45
58-->src\main\AndroidManifest.xml:51:13-78
59        <activity android:name="com.kylukz.fooddev.View.SegmentoActivity" />
59-->src\main\AndroidManifest.xml:53:9-77
59-->src\main\AndroidManifest.xml:53:19-74
60        <activity
60-->src\main\AndroidManifest.xml:54:9-59:57
61            android:name="com.kylukz.fooddev.View.MenuPrincipalEmpresa"
61-->src\main\AndroidManifest.xml:55:13-72
62            android:configChanges="keyboard|keyboardHidden|orientation|screenSize|screenLayout|smallestScreenSize|uiMode"
62-->src\main\AndroidManifest.xml:56:13-122
63            android:label="@string/title_activity_x"
63-->src\main\AndroidManifest.xml:57:13-53
64            android:theme="@style/AppTheme.NoActionBar"
64-->src\main\AndroidManifest.xml:58:13-56
65            android:windowSoftInputMode="stateHidden" />
65-->src\main\AndroidManifest.xml:59:13-54
66        <activity
66-->src\main\AndroidManifest.xml:60:9-62:55
67            android:name="com.kylukz.fooddev.View.EmpresaActivity"
67-->src\main\AndroidManifest.xml:61:13-67
68            android:windowSoftInputMode="adjustPan" />
68-->src\main\AndroidManifest.xml:62:13-52
69
70        <meta-data
70-->src\main\AndroidManifest.xml:64:9-66:55
71            android:name="com.google.android.geo.API_KEY"
71-->src\main\AndroidManifest.xml:65:13-58
72            android:value="@string/google_maps_key" />
72-->src\main\AndroidManifest.xml:66:13-52
73        <meta-data
73-->src\main\AndroidManifest.xml:67:9-69:69
74            android:name="com.google.android.gms.version"
74-->src\main\AndroidManifest.xml:68:13-58
75            android:value="@integer/google_play_services_version" />
75-->src\main\AndroidManifest.xml:69:13-66
76
77        <activity
77-->src\main\AndroidManifest.xml:71:9-73:60
78            android:name="com.kylukz.fooddev.View.MapPontoActivity"
78-->src\main\AndroidManifest.xml:72:13-68
79            android:label="@string/title_activity_ponto" /> <!-- SPLASH -->
79-->src\main\AndroidManifest.xml:73:13-57
80        <activity android:name="com.kylukz.fooddev.SplashActivity" >
80-->src\main\AndroidManifest.xml:74:9-80:20
80-->src\main\AndroidManifest.xml:74:19-67
81            <intent-filter>
81-->src\main\AndroidManifest.xml:75:13-79:29
82                <action android:name="android.intent.action.MAIN" />
82-->src\main\AndroidManifest.xml:76:17-69
82-->src\main\AndroidManifest.xml:76:25-66
83
84                <category android:name="android.intent.category.LAUNCHER" />
84-->src\main\AndroidManifest.xml:78:17-77
84-->src\main\AndroidManifest.xml:78:27-74
85            </intent-filter>
86        </activity> <!-- LOGIN -->
87        <activity
87-->src\main\AndroidManifest.xml:81:9-87:20
88            android:name="com.kylukz.fooddev.View.MainActivity"
88-->src\main\AndroidManifest.xml:82:13-64
89            android:windowSoftInputMode="stateHidden" >
89-->src\main\AndroidManifest.xml:83:13-54
90            <meta-data
90-->src\main\AndroidManifest.xml:84:13-86:72
91                android:name="android.support.PARENT_ACTIVITY"
91-->src\main\AndroidManifest.xml:85:17-63
92                android:value="com.kylukz.fooddev.View.MainActivity" />
92-->src\main\AndroidManifest.xml:86:17-69
93        </activity>
94
95        <service android:name="com.kylukz.fooddev.Toolbox.ServiceW" />
95-->src\main\AndroidManifest.xml:89:9-71
95-->src\main\AndroidManifest.xml:89:18-68
96
97        <meta-data
97-->src\main\AndroidManifest.xml:91:9-93:57
98            android:name="preloaded_fonts"
98-->src\main\AndroidManifest.xml:92:13-43
99            android:resource="@array/preloaded_fonts" />
99-->src\main\AndroidManifest.xml:93:13-54
100
101        <service
101-->src\main\AndroidManifest.xml:94:9-100:19
102            android:name="com.kylukz.fooddev.Firebase.FirebaseMessagingService"
102-->src\main\AndroidManifest.xml:95:13-80
103            android:exported="true" >
103-->src\main\AndroidManifest.xml:96:13-36
104            <intent-filter android:priority="-500" >
104-->src\main\AndroidManifest.xml:97:13-99:29
104-->src\main\AndroidManifest.xml:97:28-51
105                <action android:name="com.google.firebase.MESSAGING_EVENT" />
105-->src\main\AndroidManifest.xml:98:17-78
105-->src\main\AndroidManifest.xml:98:25-75
106            </intent-filter>
107        </service>
108        <service android:name="com.kylukz.fooddev.Firebase.FcmTokenRegistrationService" />
108-->src\main\AndroidManifest.xml:101:9-91
108-->src\main\AndroidManifest.xml:101:18-88
109
110        <activity
110-->[com.google.firebase:firebase-auth:19.3.1] AndroidManifest.xml:24:9-31:50
111            android:name="com.google.firebase.auth.internal.FederatedSignInActivity"
111-->[com.google.firebase:firebase-auth:19.3.1] AndroidManifest.xml:25:13-85
112            android:excludeFromRecents="true"
112-->[com.google.firebase:firebase-auth:19.3.1] AndroidManifest.xml:26:13-46
113            android:exported="true"
113-->[com.google.firebase:firebase-auth:19.3.1] AndroidManifest.xml:27:13-36
114            android:launchMode="singleTask"
114-->[com.google.firebase:firebase-auth:19.3.1] AndroidManifest.xml:28:13-44
115            android:permission="com.google.firebase.auth.api.gms.permission.LAUNCH_FEDERATED_SIGN_IN"
115-->[com.google.firebase:firebase-auth:19.3.1] AndroidManifest.xml:29:13-102
116            android:theme="@android:style/Theme.Translucent.NoTitleBar" />
116-->[com.google.firebase:firebase-auth:19.3.1] AndroidManifest.xml:30:13-72
117
118        <service
118-->[com.google.firebase:firebase-auth:19.3.1] AndroidManifest.xml:33:9-39:19
119            android:name="com.google.firebase.components.ComponentDiscoveryService"
119-->[com.google.firebase:firebase-auth:19.3.1] AndroidManifest.xml:34:13-84
120            android:directBootAware="true"
120-->[com.google.firebase:firebase-common:19.3.0] AndroidManifest.xml:34:13-43
121            android:exported="false" >
121-->[com.google.firebase:firebase-auth:19.3.1] AndroidManifest.xml:35:13-37
122            <meta-data
122-->[com.google.firebase:firebase-auth:19.3.1] AndroidManifest.xml:36:13-38:85
123                android:name="com.google.firebase.components:com.google.firebase.auth.FirebaseAuthRegistrar"
123-->[com.google.firebase:firebase-auth:19.3.1] AndroidManifest.xml:37:17-109
124                android:value="com.google.firebase.components.ComponentRegistrar" />
124-->[com.google.firebase:firebase-auth:19.3.1] AndroidManifest.xml:38:17-82
125            <meta-data
125-->[com.google.firebase:firebase-messaging:20.2.1] AndroidManifest.xml:39:13-41:85
126                android:name="com.google.firebase.components:com.google.firebase.messaging.FirebaseMessagingRegistrar"
126-->[com.google.firebase:firebase-messaging:20.2.1] AndroidManifest.xml:40:17-119
127                android:value="com.google.firebase.components.ComponentRegistrar" />
127-->[com.google.firebase:firebase-messaging:20.2.1] AndroidManifest.xml:41:17-82
128            <meta-data
128-->[com.google.android.gms:play-services-measurement-api:17.4.3] AndroidManifest.xml:30:13-32:85
129                android:name="com.google.firebase.components:com.google.firebase.analytics.connector.internal.AnalyticsConnectorRegistrar"
129-->[com.google.android.gms:play-services-measurement-api:17.4.3] AndroidManifest.xml:31:17-139
130                android:value="com.google.firebase.components.ComponentRegistrar" />
130-->[com.google.android.gms:play-services-measurement-api:17.4.3] AndroidManifest.xml:32:17-82
131            <meta-data
131-->[com.google.firebase:firebase-iid:20.2.1] AndroidManifest.xml:32:13-34:85
132                android:name="com.google.firebase.components:com.google.firebase.iid.Registrar"
132-->[com.google.firebase:firebase-iid:20.2.1] AndroidManifest.xml:33:17-96
133                android:value="com.google.firebase.components.ComponentRegistrar" />
133-->[com.google.firebase:firebase-iid:20.2.1] AndroidManifest.xml:34:17-82
134            <meta-data
134-->[com.google.firebase:firebase-datatransport:17.0.3] AndroidManifest.xml:28:13-30:85
135                android:name="com.google.firebase.components:com.google.firebase.datatransport.TransportRegistrar"
135-->[com.google.firebase:firebase-datatransport:17.0.3] AndroidManifest.xml:29:17-115
136                android:value="com.google.firebase.components.ComponentRegistrar" />
136-->[com.google.firebase:firebase-datatransport:17.0.3] AndroidManifest.xml:30:17-82
137            <meta-data
137-->[com.google.firebase:firebase-installations:16.3.2] AndroidManifest.xml:17:13-19:85
138                android:name="com.google.firebase.components:com.google.firebase.installations.FirebaseInstallationsRegistrar"
138-->[com.google.firebase:firebase-installations:16.3.2] AndroidManifest.xml:18:17-127
139                android:value="com.google.firebase.components.ComponentRegistrar" />
139-->[com.google.firebase:firebase-installations:16.3.2] AndroidManifest.xml:19:17-82
140        </service>
141        <!--
142             FirebaseMessagingService performs security checks at runtime,
143             but set to not exported to explicitly avoid allowing another app to call it.
144        -->
145        <service
145-->[com.google.firebase:firebase-messaging:20.2.1] AndroidManifest.xml:28:9-35:19
146            android:name="com.google.firebase.messaging.FirebaseMessagingService"
146-->[com.google.firebase:firebase-messaging:20.2.1] AndroidManifest.xml:29:13-82
147            android:directBootAware="true"
147-->[com.google.firebase:firebase-messaging:20.2.1] AndroidManifest.xml:30:13-43
148            android:exported="false" >
148-->[com.google.firebase:firebase-messaging:20.2.1] AndroidManifest.xml:31:13-37
149            <intent-filter android:priority="-500" >
149-->src\main\AndroidManifest.xml:97:13-99:29
149-->src\main\AndroidManifest.xml:97:28-51
150                <action android:name="com.google.firebase.MESSAGING_EVENT" />
150-->src\main\AndroidManifest.xml:98:17-78
150-->src\main\AndroidManifest.xml:98:25-75
151            </intent-filter>
152        </service>
153
154        <activity
154-->[com.google.android.gms:play-services-auth:18.0.0] AndroidManifest.xml:23:9-27:75
155            android:name="com.google.android.gms.auth.api.signin.internal.SignInHubActivity"
155-->[com.google.android.gms:play-services-auth:18.0.0] AndroidManifest.xml:24:13-93
156            android:excludeFromRecents="true"
156-->[com.google.android.gms:play-services-auth:18.0.0] AndroidManifest.xml:25:13-46
157            android:exported="false"
157-->[com.google.android.gms:play-services-auth:18.0.0] AndroidManifest.xml:26:13-37
158            android:theme="@android:style/Theme.Translucent.NoTitleBar" />
158-->[com.google.android.gms:play-services-auth:18.0.0] AndroidManifest.xml:27:13-72
159        <!--
160            Service handling Google Sign-In user revocation. For apps that do not integrate with
161            Google Sign-In, this service will never be started.
162        -->
163        <service
163-->[com.google.android.gms:play-services-auth:18.0.0] AndroidManifest.xml:33:9-36:110
164            android:name="com.google.android.gms.auth.api.signin.RevocationBoundService"
164-->[com.google.android.gms:play-services-auth:18.0.0] AndroidManifest.xml:34:13-89
165            android:exported="true"
165-->[com.google.android.gms:play-services-auth:18.0.0] AndroidManifest.xml:35:13-36
166            android:permission="com.google.android.gms.auth.api.signin.permission.REVOCATION_NOTIFICATION" />
166-->[com.google.android.gms:play-services-auth:18.0.0] AndroidManifest.xml:36:13-107
167
168        <meta-data
168-->[com.android.billingclient:billing:3.0.0] AndroidManifest.xml:13:9-15:37
169            android:name="com.google.android.play.billingclient.version"
169-->[com.android.billingclient:billing:3.0.0] AndroidManifest.xml:14:13-73
170            android:value="3.0.0" />
170-->[com.android.billingclient:billing:3.0.0] AndroidManifest.xml:15:13-34
171
172        <activity
172-->[com.android.billingclient:billing:3.0.0] AndroidManifest.xml:17:9-20:75
173            android:name="com.android.billingclient.api.ProxyBillingActivity"
173-->[com.android.billingclient:billing:3.0.0] AndroidManifest.xml:18:13-78
174            android:configChanges="keyboard|keyboardHidden|screenLayout|screenSize|orientation"
174-->[com.android.billingclient:billing:3.0.0] AndroidManifest.xml:19:13-96
175            android:theme="@android:style/Theme.Translucent.NoTitleBar" />
175-->[com.android.billingclient:billing:3.0.0] AndroidManifest.xml:20:13-72
176
177        <receiver
177-->[com.google.firebase:firebase-iid:20.2.1] AndroidManifest.xml:37:9-44:20
178            android:name="com.google.firebase.iid.FirebaseInstanceIdReceiver"
178-->[com.google.firebase:firebase-iid:20.2.1] AndroidManifest.xml:38:13-78
179            android:exported="true"
179-->[com.google.firebase:firebase-iid:20.2.1] AndroidManifest.xml:39:13-36
180            android:permission="com.google.android.c2dm.permission.SEND" >
180-->[com.google.firebase:firebase-iid:20.2.1] AndroidManifest.xml:40:13-73
181            <intent-filter>
181-->[com.google.firebase:firebase-iid:20.2.1] AndroidManifest.xml:41:13-43:29
182                <action android:name="com.google.android.c2dm.intent.RECEIVE" />
182-->[com.google.firebase:firebase-iid:20.2.1] AndroidManifest.xml:42:17-81
182-->[com.google.firebase:firebase-iid:20.2.1] AndroidManifest.xml:42:25-78
183            </intent-filter>
184        </receiver>
185
186        <activity
186-->[com.google.android.gms:play-services-base:17.1.0] AndroidManifest.xml:23:9-26:75
187            android:name="com.google.android.gms.common.api.GoogleApiActivity"
187-->[com.google.android.gms:play-services-base:17.1.0] AndroidManifest.xml:24:13-79
188            android:exported="false"
188-->[com.google.android.gms:play-services-base:17.1.0] AndroidManifest.xml:25:13-37
189            android:theme="@android:style/Theme.Translucent.NoTitleBar" />
189-->[com.google.android.gms:play-services-base:17.1.0] AndroidManifest.xml:26:13-72
190
191        <provider
191-->[com.google.firebase:firebase-common:19.3.0] AndroidManifest.xml:26:9-30:39
192            android:name="com.google.firebase.provider.FirebaseInitProvider"
192-->[com.google.firebase:firebase-common:19.3.0] AndroidManifest.xml:27:13-77
193            android:authorities="com.kylukz.fooddev.firebaseinitprovider"
193-->[com.google.firebase:firebase-common:19.3.0] AndroidManifest.xml:28:13-72
194            android:exported="false"
194-->[com.google.firebase:firebase-common:19.3.0] AndroidManifest.xml:29:13-37
195            android:initOrder="100" />
195-->[com.google.firebase:firebase-common:19.3.0] AndroidManifest.xml:30:13-36
196
197        <receiver
197-->[com.google.android.gms:play-services-measurement:17.4.3] AndroidManifest.xml:29:9-33:20
198            android:name="com.google.android.gms.measurement.AppMeasurementReceiver"
198-->[com.google.android.gms:play-services-measurement:17.4.3] AndroidManifest.xml:30:13-85
199            android:enabled="true"
199-->[com.google.android.gms:play-services-measurement:17.4.3] AndroidManifest.xml:31:13-35
200            android:exported="false" >
200-->[com.google.android.gms:play-services-measurement:17.4.3] AndroidManifest.xml:32:13-37
201        </receiver>
202
203        <service
203-->[com.google.android.gms:play-services-measurement:17.4.3] AndroidManifest.xml:35:9-38:40
204            android:name="com.google.android.gms.measurement.AppMeasurementService"
204-->[com.google.android.gms:play-services-measurement:17.4.3] AndroidManifest.xml:36:13-84
205            android:enabled="true"
205-->[com.google.android.gms:play-services-measurement:17.4.3] AndroidManifest.xml:37:13-35
206            android:exported="false" />
206-->[com.google.android.gms:play-services-measurement:17.4.3] AndroidManifest.xml:38:13-37
207        <service
207-->[com.google.android.gms:play-services-measurement:17.4.3] AndroidManifest.xml:39:9-43:72
208            android:name="com.google.android.gms.measurement.AppMeasurementJobService"
208-->[com.google.android.gms:play-services-measurement:17.4.3] AndroidManifest.xml:40:13-87
209            android:enabled="true"
209-->[com.google.android.gms:play-services-measurement:17.4.3] AndroidManifest.xml:41:13-35
210            android:exported="false"
210-->[com.google.android.gms:play-services-measurement:17.4.3] AndroidManifest.xml:42:13-37
211            android:permission="android.permission.BIND_JOB_SERVICE" />
211-->[com.google.android.gms:play-services-measurement:17.4.3] AndroidManifest.xml:43:13-69
212
213        <provider
213-->[androidx.lifecycle:lifecycle-process:2.2.0] AndroidManifest.xml:25:9-29:43
214            android:name="androidx.lifecycle.ProcessLifecycleOwnerInitializer"
214-->[androidx.lifecycle:lifecycle-process:2.2.0] AndroidManifest.xml:26:13-79
215            android:authorities="com.kylukz.fooddev.lifecycle-process"
215-->[androidx.lifecycle:lifecycle-process:2.2.0] AndroidManifest.xml:27:13-69
216            android:exported="false"
216-->[androidx.lifecycle:lifecycle-process:2.2.0] AndroidManifest.xml:28:13-37
217            android:multiprocess="true" />
217-->[androidx.lifecycle:lifecycle-process:2.2.0] AndroidManifest.xml:29:13-40
218
219        <service
219-->[com.google.android.datatransport:transport-backend-cct:2.2.0] AndroidManifest.xml:29:9-35:19
220            android:name="com.google.android.datatransport.runtime.backends.TransportBackendDiscovery"
220-->[com.google.android.datatransport:transport-backend-cct:2.2.0] AndroidManifest.xml:30:13-103
221            android:exported="false" >
221-->[com.google.android.datatransport:transport-backend-cct:2.2.0] AndroidManifest.xml:31:13-37
222            <meta-data
222-->[com.google.android.datatransport:transport-backend-cct:2.2.0] AndroidManifest.xml:32:13-34:39
223                android:name="backend:com.google.android.datatransport.cct.CctBackendFactory"
223-->[com.google.android.datatransport:transport-backend-cct:2.2.0] AndroidManifest.xml:33:17-94
224                android:value="cct" />
224-->[com.google.android.datatransport:transport-backend-cct:2.2.0] AndroidManifest.xml:34:17-36
225        </service>
226        <service
226-->[com.google.android.datatransport:transport-runtime:2.2.0] AndroidManifest.xml:26:9-30:19
227            android:name="com.google.android.datatransport.runtime.scheduling.jobscheduling.JobInfoSchedulerService"
227-->[com.google.android.datatransport:transport-runtime:2.2.0] AndroidManifest.xml:27:13-117
228            android:exported="false"
228-->[com.google.android.datatransport:transport-runtime:2.2.0] AndroidManifest.xml:28:13-37
229            android:permission="android.permission.BIND_JOB_SERVICE" >
229-->[com.google.android.datatransport:transport-runtime:2.2.0] AndroidManifest.xml:29:13-69
230        </service>
231
232        <receiver
232-->[com.google.android.datatransport:transport-runtime:2.2.0] AndroidManifest.xml:32:9-34:40
233            android:name="com.google.android.datatransport.runtime.scheduling.jobscheduling.AlarmManagerSchedulerBroadcastReceiver"
233-->[com.google.android.datatransport:transport-runtime:2.2.0] AndroidManifest.xml:33:13-132
234            android:exported="false" />
234-->[com.google.android.datatransport:transport-runtime:2.2.0] AndroidManifest.xml:34:13-37
235    </application>
236
237</manifest>